2023-03-21 21:01:18,594:INFO:json-price-update requested.
2023-03-21 21:01:18,618:INFO:Archivo más reciente: ./SIA_productPricing-20230321205637.json
2023-03-21 21:01:18,628:INFO:Lectura de archivo JSON exitosa.
2023-03-21 21:01:18,630:INFO:Modificación de precio exitosa. {SKU: 12057, EATIN catalogPrice: 946.0}
2023-03-21 21:01:18,641:INFO:Se crea el archivo: SIA_productPricing-20230321210118.json
2023-03-21 21:03:18,255:INFO:json-price-update requested.
2023-03-21 21:03:18,273:INFO:Archivo más reciente: ./SIA_productPricing-20230321210118.json
2023-03-21 21:03:18,279:INFO:Lectura de archivo JSON exitosa.
2023-03-21 21:03:18,279:INFO:Modificación de precio exitosa. {SKU: 106153, EATIN catalogPrice: 3356.0}
2023-03-21 21:03:18,284:INFO:Se crea el archivo: SIA_productPricing-20230321210318.json
2023-03-22 00:33:44,030:INFO:xml-price-update requested.
2023-03-22 00:33:44,058:INFO:Archivo más reciente: ./BR_861416_ProductPricing_20220719130917-07192022131026.xml
2023-03-22 00:33:45,034:INFO:Lectura de archivo XML exitosa.
2023-03-22 00:33:45,035:INFO:Modificación de precio exitosa. {SKU: 2, EATIN catalogPrice: 1245}
2023-03-22 00:33:47,138:INFO:Se crea el archivo: SIA_productPricing-20230322003345.xml
2023-03-22 00:34:05,277:INFO:json-price-update requested.
2023-03-22 00:34:05,290:INFO:Archivo más reciente: ./SIA_productPricing-20230321210318.json
2023-03-22 00:34:05,295:INFO:Lectura de archivo JSON exitosa.
2023-03-22 00:34:05,295:INFO:Modificación de precio exitosa. {SKU: 106153, EATIN catalogPrice: 3356.0}
2023-03-22 00:34:05,299:INFO:Se crea el archivo: SIA_productPricing-20230322003405.json
2023-03-22 00:34:18,382:INFO:xml-price-update requested.
2023-03-22 00:34:18,397:INFO:Archivo más reciente: ./SIA_productPricing-20230322003345.xml
2023-03-22 00:34:19,399:INFO:Lectura de archivo XML exitosa.
2023-03-22 00:34:19,400:INFO:Modificación de precio exitosa. {SKU: 1, EATIN catalogPrice: 1245}
2023-03-22 00:34:21,552:INFO:Se crea el archivo: SIA_productPricing-20230322003419.xml
2023-03-22 00:54:24,649:INFO:json-price-update requested.
2023-03-22 00:54:24,666:INFO:Archivo más reciente: ./SIA_productPricing-20230322003405.json
2023-03-22 00:54:24,673:INFO:Lectura de archivo JSON exitosa.
2023-03-22 00:54:24,674:INFO:Modificación de precio exitosa. {SKU: 106153, EATIN catalogPrice: 3356.0}
2023-03-22 00:54:24,679:INFO:Se crea el archivo: SIA_productPricing-20230322005424.json
2023-03-22 18:35:34,661:INFO:xml-price-update requested.
2023-03-22 18:36:06,507:INFO:xml-price-update requested.
2023-03-22 18:36:23,267:INFO:xml-price-update requested.
2023-03-22 18:36:33,779:INFO:xml-price-update requested.
2023-03-22 18:36:47,990:INFO:xml-price-update requested.
2023-03-22 20:06:55,315:INFO:json-price-update requested.
2023-03-22 20:06:55,330:INFO:Archivo más reciente: ./SIA_productPricing-20230322005424.json
2023-03-22 20:06:55,358:INFO:Lectura de archivo JSON exitosa.
2023-03-22 20:06:55,359:INFO:Modificación de precio exitosa. {SKU: 106153, precio: 3356.0}
2023-03-22 20:06:55,364:INFO:Se crea el archivo: SIA_productPricing-20230322200655.json
2023-03-22 20:06:58,913:INFO:json-price-update requested.
2023-03-22 20:06:58,936:INFO:Archivo más reciente: ./SIA_productPricing-20230322200655.json
2023-03-22 20:06:58,939:INFO:Lectura de archivo JSON exitosa.
2023-03-22 20:06:58,939:INFO:Modificación de precio exitosa. {SKU: 106153, precio: 3356.0}
2023-03-22 20:06:58,949:INFO:Se crea el archivo: SIA_productPricing-20230322200658.json
2023-03-22 20:58:14,301:INFO:xml-price-update requested.
2023-03-22 20:58:14,313:INFO:Archivo más reciente: BR_861416_ProductPricing_20220719130917-07192022131026.xml
2023-03-22 20:58:15,238:INFO:Lectura de archivo XML exitosa.
2023-03-22 20:58:15,239:INFO:Modificación de precio exitosa. {SKU: 2, EATIN catalogPrice: 946}
2023-03-22 20:58:16,383:INFO:Se crea el archivo: SIA_productPricing-20230322205815.xml
2023-03-23 18:07:32,001:INFO:json-price-update requested.
2023-03-23 18:07:32,016:INFO:Archivo más reciente: SIA_productPricing-20230321203238.json
2023-03-23 18:07:32,025:INFO:Lectura de archivo JSON exitosa.
2023-03-23 18:07:32,029:INFO:Modificación de precio exitosa. {SKU: 106152, precio: 946.0}
2023-03-23 18:07:32,050:INFO:Se crea el archivo: SIA_productPricing-20230323180732.json
2023-03-23 18:10:39,284:INFO:xml-price-update requested.
2023-03-23 18:10:39,290:INFO:Archivo más reciente: BR_861416_ProductPricing_20220719130917-07192022131026.xml
2023-03-23 18:10:40,933:INFO:Lectura de archivo XML exitosa.
2023-03-23 18:15:11,474:INFO:xml-price-update requested.
2023-03-23 18:15:11,488:INFO:Archivo más reciente: BR_861416_ProductPricing_20220719130917-07192022131026.xml
2023-03-23 18:15:12,565:INFO:Lectura de archivo XML exitosa.
2023-03-23 18:15:12,566:INFO:Modificación de precio exitosa. {SKU: 2, EATIN catalogPrice: 3878.0}
2023-03-23 18:15:14,155:INFO:Se crea el archivo: SIA_productPricing-20230323181512.xml
2024-01-26 00:58:38,489:INFO:xml-price-update requested.
2024-01-26 00:58:38,518:INFO:Archivo más reciente: SIA_productPricing-20230323181512.xml
2024-01-26 00:58:39,787:INFO:Lectura de archivo XML exitosa.
2024-01-26 00:58:39,789:INFO:Modificación de precio exitosa. {SKU: 4, EATIN catalogPrice: 3878.0}
2024-01-26 00:58:41,540:INFO:Se crea el archivo: SIA_productPricing-20240126005839.xml
2024-02-23 15:31:48,109:INFO:Archivo más reciente: /productpricing/SIA_productPricing-20240126005839.xml
2024-02-23 15:31:48,867:INFO:Lectura de archivo XML exitosa.
2024-02-23 15:31:48,867:INFO:Modificación de precio exitosa. {SKU: 15, EATIN catalogPrice: 946.0}
2024-02-23 15:31:49,604:INFO:Se crea el archivo: SIA_productPricing-20240223153148.xml
2024-02-23 15:32:06,945:INFO:Archivo más reciente: /productpricing/SIA_productPricing-20240126005839.xml
2024-02-23 15:32:07,666:INFO:Lectura de archivo XML exitosa.
2024-02-23 15:32:07,666:INFO:Modificación de precio exitosa. {SKU: 15, EATIN catalogPrice: 3878.0}
2024-02-23 15:32:08,401:INFO:Se crea el archivo: SIA_productPricing-20240223153207.xml
2024-02-23 15:42:13,871:INFO:Archivo más reciente: /productpricing/SIA_productPricing-20240126005839.xml
2024-02-23 15:42:14,538:INFO:Lectura de archivo XML exitosa.
2024-02-23 15:42:14,539:INFO:Modificación de precio exitosa. {SKU: 15, EATIN catalogPrice: 4453.0}
2024-02-23 15:42:15,283:INFO:Se crea el archivo: /productpricing/SIA_productPricing-20240223154214.xml
2024-02-23 16:32:02,159:INFO:FastAPI init
2024-02-23 16:32:21,654:INFO:FastAPI init
